{"D:\\Futureproof\\Gustaffson\\Lap1\\PokeGymCondense\\app.js": {"path":"D:\\Futureproof\\Gustaffson\\Lap1\\PokeGymCondense\\app.js","statementMap":{"0":{"start":{"line":1,"column":16},"end":{"line":1,"column":34}},"1":{"start":{"line":2,"column":12},"end":{"line":2,"column":21}},"2":{"start":{"line":3,"column":13},"end":{"line":3,"column":17}},"3":{"start":{"line":4,"column":11},"end":{"line":4,"column":26}},"4":{"start":{"line":5,"column":0},"end":{"line":5,"column":15}},"5":{"start":{"line":7,"column":19},"end":{"line":95,"column":1}},"6":{"start":{"line":97,"column":0},"end":{"line":99,"column":2}},"7":{"start":{"line":98,"column":4},"end":{"line":98,"column":34}},"8":{"start":{"line":101,"column":0},"end":{"line":103,"column":2}},"9":{"start":{"line":102,"column":4},"end":{"line":102,"column":24}},"10":{"start":{"line":105,"column":0},"end":{"line":116,"column":2}},"11":{"start":{"line":106,"column":4},"end":{"line":115,"column":5}},"12":{"start":{"line":107,"column":15},"end":{"line":107,"column":41}},"13":{"start":{"line":108,"column":4},"end":{"line":110,"column":5}},"14":{"start":{"line":109,"column":8},"end":{"line":109,"column":57}},"15":{"start":{"line":111,"column":4},"end":{"line":111,"column":29}},"16":{"start":{"line":113,"column":8},"end":{"line":113,"column":25}},"17":{"start":{"line":114,"column":8},"end":{"line":114,"column":52}},"18":{"start":{"line":118,"column":0},"end":{"line":120,"column":2}},"19":{"start":{"line":119,"column":4},"end":{"line":119,"column":44}},"20":{"start":{"line":122,"column":0},"end":{"line":126,"column":2}},"21":{"start":{"line":123,"column":17},"end":{"line":123,"column":25}},"22":{"start":{"line":124,"column":25},"end":{"line":124,"column":48}},"23":{"start":{"line":125,"column":4},"end":{"line":125,"column":38}},"24":{"start":{"line":128,"column":0},"end":{"line":133,"column":2}},"25":{"start":{"line":129,"column":19},"end":{"line":129,"column":41}},"26":{"start":{"line":130,"column":25},"end":{"line":130,"column":52}},"27":{"start":{"line":131,"column":4},"end":{"line":131,"column":27}},"28":{"start":{"line":132,"column":4},"end":{"line":132,"column":27}},"29":{"start":{"line":134,"column":0},"end":{"line":134,"column":21}}},"fnMap":{"0":{"name":"(anonymous_0)","decl":{"start":{"line":97,"column":13},"end":{"line":97,"column":14}},"loc":{"start":{"line":97,"column":25},"end":{"line":99,"column":1}},"line":97},"1":{"name":"(anonymous_1)","decl":{"start":{"line":101,"column":23},"end":{"line":101,"column":24}},"loc":{"start":{"line":101,"column":36},"end":{"line":103,"column":1}},"line":101},"2":{"name":"(anonymous_2)","decl":{"start":{"line":105,"column":27},"end":{"line":105,"column":28}},"loc":{"start":{"line":105,"column":40},"end":{"line":116,"column":1}},"line":105},"3":{"name":"(anonymous_3)","decl":{"start":{"line":118,"column":17},"end":{"line":118,"column":18}},"loc":{"start":{"line":118,"column":23},"end":{"line":120,"column":1}},"line":118},"4":{"name":"(anonymous_4)","decl":{"start":{"line":122,"column":14},"end":{"line":122,"column":15}},"loc":{"start":{"line":122,"column":27},"end":{"line":126,"column":1}},"line":122},"5":{"name":"(anonymous_5)","decl":{"start":{"line":128,"column":19},"end":{"line":128,"column":20}},"loc":{"start":{"line":128,"column":32},"end":{"line":133,"column":1}},"line":128}},"branchMap":{"0":{"loc":{"start":{"line":108,"column":4},"end":{"line":110,"column":5}},"type":"if","locations":[{"start":{"line":108,"column":4},"end":{"line":110,"column":5}},{"start":{},"end":{}}],"line":108}},"s":{"0":1,"1":1,"2":1,"3":1,"4":1,"5":1,"6":1,"7":1,"8":1,"9":1,"10":1,"11":1,"12":1,"13":1,"14":0,"15":1,"16":0,"17":0,"18":1,"19":1,"20":1,"21":0,"22":0,"23":0,"24":1,"25":0,"26":0,"27":0,"28":0,"29":1},"f":{"0":1,"1":1,"2":1,"3":1,"4":0,"5":0},"b":{"0":[0,1]},"_coverageSchema":"1a1c01bbd47fc00a2c39e90264f33305004495a9","hash":"5678ef062e9e57742edd2ccce6a8318c3855374d"}
}
