TN:
SF:app.js
FN:97,(anonymous_0)
FN:101,(anonymous_1)
FN:105,(anonymous_2)
FN:118,(anonymous_3)
FN:122,(anonymous_4)
FN:128,(anonymous_5)
FNF:6
FNH:4
FNDA:1,(anonymous_0)
FNDA:1,(anonymous_1)
FNDA:1,(anonymous_2)
FNDA:1,(anonymous_3)
FNDA:0,(anonymous_4)
FNDA:0,(anonymous_5)
DA:1,1
DA:2,1
DA:3,1
DA:4,1
DA:5,1
DA:7,1
DA:97,1
DA:98,1
DA:101,1
DA:102,1
DA:105,1
DA:106,1
DA:107,1
DA:108,1
DA:109,0
DA:111,1
DA:113,0
DA:114,0
DA:118,1
DA:119,1
DA:122,1
DA:123,0
DA:124,0
DA:125,0
DA:128,1
DA:129,0
DA:130,0
DA:131,0
DA:132,0
DA:134,1
LF:30
LH:20
BRDA:108,0,0,0
BRDA:108,0,1,1
BRF:2
BRH:1
end_of_record
